STEP translation to Solid Edge
Date: Tuesday,May 17,2022 02:28PM
Source File: K:\Technosoft Engineering\BEC\Work\Hardware Test\Socket Head M20 x 50.STEP
Author: Administrator
Organization: Managed by Terraform
Source System: SolidWorks 2017

Hardware:
Processor: Intel(R) Core(TM) i9-9900 CPU @ 3.10GHz
Operating System: Windows 10 Professional
Installed Memory: 31.83 GB

Software Information
Parasolid Version: 32.0.186
PSBodyShop Version: 32.0.127
Step Adapter Version: 5.0.107
Solid Edge Version: 220.00.13.003 x64

Step Import Options
Import Faceted Bodies: On
Import Check Bodies: On
Import Curves: Off
Import DoNotSave: On
Import Multiple Bodies As Single Part File: Off
Import Stitch Surfaces: On
Import Boolean Solids: On
Make Base Feature: On
Simplify Geometry: On
Import Imprint Curves: Off
Import Drive: C:
Import Stitch Surfaces: On
Import Surfaces: On
Import Output Path: K:\Technosoft Engineering\BEC\Work\Hardware Test
Import Enable Default Output Path: On
Import PMI: Off
Import Path: 

Translating to Parasolid data types...
Translation process completed
Total time required to translate and post process:00 : 00 : 03
