2022-11-18 16:34:56.8848 INFO ============
2022-11-18 16:34:56.9107 INFO Virtual Structure Form Open.....
2022-11-18 16:34:56.9107 INFO ============
2022-11-18 17:03:08.9248 INFO ============
2022-11-18 17:03:08.9468 INFO New Part Creation Form Open.....
2022-11-18 17:03:08.9468 INFO ============
2022-11-18 17:04:39.3378 INFO ============
2022-11-18 17:04:39.3597 INFO Virtual Structure Form Open.....
2022-11-18 17:04:39.3597 INFO ============
2022-11-18 17:05:22.1779 INFO ============
2022-11-18 17:05:22.1779 INFO New Part Creation Form Open.....
2022-11-18 17:05:22.1779 INFO ============
2022-11-18 17:10:45.7728 INFO ============
2022-11-18 17:10:45.7728 INFO New Part Creation Form Process completed.....
2022-11-18 17:10:45.7728 INFO ============
2022-11-18 17:17:18.3600 INFO ============
2022-11-18 17:17:18.3940 INFO New Part Creation Form Open.....
2022-11-18 17:17:18.3940 INFO ============
2022-11-18 17:22:39.5687 INFO ============
2022-11-18 17:22:39.5687 INFO New Part Creation Form Process completed.....
2022-11-18 17:22:39.5687 INFO ============
2022-11-18 17:39:51.5075 INFO ============
2022-11-18 17:39:51.5285 INFO Part/ Sheet-Metal Update Form Open.....
2022-11-18 17:39:51.5285 INFO ============
2022-11-18 17:54:14.1480 INFO ============
2022-11-18 17:54:14.1710 INFO Part/ Sheet-Metal Update Form Open.....
2022-11-18 17:54:14.1710 INFO ============
2022-11-18 17:57:28.2098 INFO ============
2022-11-18 17:57:28.2318 INFO New Part Creation Form Open.....
2022-11-18 17:57:28.2318 INFO ============
2022-11-18 17:57:39.0800 INFO ============
2022-11-18 17:57:39.0800 INFO Part/ Sheet-Metal Update Form Open.....
2022-11-18 17:57:39.0800 INFO ============
2022-11-18 17:58:12.5780 INFO ============
2022-11-18 17:58:12.6000 INFO Part/ Sheet-Metal Update Form Open.....
2022-11-18 17:58:12.6000 INFO ============
2022-11-18 18:02:25.2815 INFO ============
2022-11-18 18:02:25.3075 INFO Part/ Sheet-Metal Update Form Open.....
2022-11-18 18:02:25.3075 INFO ============
2022-11-18 18:08:56.6577 INFO ============
2022-11-18 18:08:56.6807 INFO Part/ Sheet-Metal Update Form Open.....
2022-11-18 18:08:56.6807 INFO ============
2022-11-18 18:15:08.0645 INFO ============
2022-11-18 18:15:08.0865 INFO Part/ Sheet-Metal Update Form Open.....
2022-11-18 18:15:08.0865 INFO ============
2022-11-18 18:15:08.9637 INFO ============
2022-11-18 18:15:08.9637 INFO Part/ Sheet-Metal Update Form Open.....
2022-11-18 18:15:08.9637 INFO ============
2022-11-18 18:21:16.6180 INFO ============
2022-11-18 18:21:16.6400 INFO Part/ Sheet-Metal Update Form Open.....
2022-11-18 18:21:16.6400 INFO ============
2022-11-18 18:35:42.7246 INFO ============
2022-11-18 18:35:42.7466 INFO Part/ Sheet-Metal Update Form Open.....
2022-11-18 18:35:42.7466 INFO ============
2022-11-18 18:45:04.5530 INFO ============
2022-11-18 18:45:04.5750 INFO Part/ Sheet-Metal Update Form Open.....
2022-11-18 18:45:04.5750 INFO ============
2022-11-18 18:52:39.5598 INFO ============
2022-11-18 18:52:39.5838 INFO Part/ Sheet-Metal Update Form Open.....
2022-11-18 18:52:39.5838 INFO ============
2022-11-18 19:04:26.4485 INFO ============
2022-11-18 19:04:26.4705 INFO Part/ Sheet-Metal Update Form Open.....
2022-11-18 19:04:26.4705 INFO ============
2022-11-18 19:07:47.5534 INFO ============
2022-11-18 19:07:47.5754 INFO Part/ Sheet-Metal Update Form Open.....
2022-11-18 19:07:47.5754 INFO ============
2022-11-18 19:09:35.1201 INFO ============
2022-11-18 19:09:35.1421 INFO Part/ Sheet-Metal Update Form Open.....
2022-11-18 19:09:35.1421 INFO ============
2022-11-18 19:09:36.1177 INFO ============
2022-11-18 19:09:36.1177 INFO Part/ Sheet-Metal Update Form Open.....
2022-11-18 19:09:36.1177 INFO ============
2022-11-18 19:12:41.2480 INFO ============
2022-11-18 19:12:41.2680 INFO AssemblyAutomationForm Open.....
2022-11-18 19:12:41.2680 INFO ============
2022-11-18 19:14:23.8181 INFO ============
2022-11-18 19:14:23.8401 INFO AssemblyAutomationForm Open.....
2022-11-18 19:14:23.8401 INFO ============
2022-11-18 19:20:46.8812 INFO ============
2022-11-18 19:20:46.8812 INFO Part/ Sheet-Metal Update Form Open.....
2022-11-18 19:20:46.8812 INFO ============
2022-11-18 19:24:01.5558 INFO ============
2022-11-18 19:24:01.5558 INFO New Part Creation Form Open.....
2022-11-18 19:24:01.5558 INFO ============
2022-11-18 19:24:02.4828 INFO ============
2022-11-18 19:24:02.4828 INFO AssemblyAutomationForm Open.....
2022-11-18 19:24:02.4828 INFO ============
2022-11-18 19:24:28.8356 INFO ============
2022-11-18 19:24:28.8356 INFO Part/ Sheet-Metal Update Form Open.....
2022-11-18 19:24:28.8356 INFO ============
2022-11-18 19:25:03.9839 INFO ============
2022-11-18 19:25:03.9839 INFO New Part Creation Form Open.....
2022-11-18 19:25:03.9839 INFO ============
2022-11-18 19:25:05.1143 INFO ============
2022-11-18 19:25:05.1143 INFO Part/ Sheet-Metal Update Form Open.....
2022-11-18 19:25:05.1143 INFO ============
2022-11-18 19:34:04.0165 INFO ============
2022-11-18 19:34:04.0165 INFO AssemblyAutomationForm Open.....
2022-11-18 19:34:04.0165 INFO ============
2022-11-18 19:34:05.0223 INFO ============
2022-11-18 19:34:05.0223 INFO Part/ Sheet-Metal Update Form Open.....
2022-11-18 19:34:05.0223 INFO ============
2022-11-18 19:38:15.1503 INFO ============
2022-11-18 19:38:15.1503 INFO AssemblyAutomationForm Open.....
2022-11-18 19:38:15.1503 INFO ============
2022-11-18 19:38:31.2940 INFO ============
2022-11-18 19:38:31.2940 INFO Part/ Sheet-Metal Update Form Open.....
2022-11-18 19:38:31.2940 INFO ============
2022-11-18 19:38:35.5399 INFO ============
2022-11-18 19:38:35.5399 INFO AssemblyAutomationForm Open.....
2022-11-18 19:38:35.5399 INFO ============
2022-11-18 19:43:18.7734 INFO ============
2022-11-18 19:43:18.7734 INFO AssemblyAutomationForm .....
2022-11-18 19:43:18.7734 INFO ============
2022-11-18 19:44:31.5677 INFO ============
2022-11-18 19:44:31.5677 INFO AssemblyAutomationForm .....
2022-11-18 19:44:31.5677 INFO ============
2022-11-18 20:06:36.9360 INFO ============
2022-11-18 20:06:36.9570 INFO Part/ Sheet-Metal Update Form Open.....
2022-11-18 20:06:36.9570 INFO ============
2022-11-18 20:09:40.9340 INFO ============
2022-11-18 20:09:40.9550 INFO Part/ Sheet-Metal Update Form Open.....
2022-11-18 20:09:40.9550 INFO ============
2022-11-18 20:21:48.4087 INFO ============
2022-11-18 20:21:48.4297 INFO Part/ Sheet-Metal Update Form Open.....
2022-11-18 20:21:48.4297 INFO ============
2022-11-18 20:53:20.3065 INFO ============
2022-11-18 20:53:20.3285 INFO AssemblyAutomationForm Open.....
2022-11-18 20:53:20.3285 INFO ============
2022-11-18 20:58:46.5971 INFO ============
2022-11-18 20:58:46.6171 INFO AssemblyAutomationForm Open.....
2022-11-18 20:58:46.6171 INFO ============
2022-11-18 21:00:19.9994 INFO ============
2022-11-18 21:00:20.0194 INFO AssemblyAutomationForm Open.....
2022-11-18 21:00:20.0194 INFO ============
2022-11-18 21:01:17.7714 INFO ============
2022-11-18 21:01:17.7904 INFO AssemblyAutomationForm Open.....
2022-11-18 21:01:17.7904 INFO ============
2022-11-18 21:02:00.7271 INFO ============
2022-11-18 21:02:00.7481 INFO Part/ Sheet-Metal Update Form Open.....
2022-11-18 21:02:00.7481 INFO ============
2022-11-18 21:02:03.6812 INFO ============
2022-11-18 21:02:03.6812 INFO AssemblyAutomationForm Open.....
2022-11-18 21:02:03.6812 INFO ============
2022-11-18 21:17:55.8359 INFO ============
2022-11-18 21:17:55.8699 INFO Virtual Structure Form Open.....
2022-11-18 21:17:55.8699 INFO ============
2022-11-18 21:20:27.6730 INFO ============
2022-11-18 21:20:27.6970 INFO Virtual Structure Form Open.....
2022-11-18 21:20:27.6970 INFO ============
2022-11-18 21:39:37.0831 INFO ============
2022-11-18 21:39:37.1051 INFO Virtual Structure Form Open.....
2022-11-18 21:39:37.1051 INFO ============
2022-11-18 22:02:33.5714 INFO ============
2022-11-18 22:02:33.5934 INFO Part/ Sheet-Metal Update Form Open.....
2022-11-18 22:02:33.5934 INFO ============
